<?xml version="1.0" encoding="UTF-8" ?>
<testsuite tests="14" failures="0" name="cuke.CucumberRunnerTest" time="0.008" errors="0" skipped="0">
  <properties>
[...]
</properties>
  <testcase classname="Scenario: Doing stuff in multiple steps files" name="Given I start this with a count of 3" time="0.006"/>
  <testcase classname="Scenario: Doing stuff in multiple steps files" name="When I ponder how many there are" time="0"/>
  <testcase classname="Scenario: Doing stuff in multiple steps files" name="Then I find there are 3" time="0"/>
  <testcase classname="Scenario: Doing stuff in multiple steps files" name="Scenario: Doing stuff in multiple steps files" time="0.001"/>
  <testcase classname="Scenario: Doing more stuff" name="Given I start this with a count of 7" time="0"/>
  <testcase classname="Scenario: Doing more stuff" name="When I ponder how many there are" time="0"/>
  <testcase classname="Scenario: Doing more stuff" name="Then I find there are 7" time="0"/>
  <testcase classname="Scenario: Doing more stuff" name="Scenario: Doing more stuff" time="0"/>
  <testcase classname="Scenario: Doing stuff that fails" name="Given I start this with a count of 7" time="0"/>
  <testcase classname="Scenario: Doing stuff that fails" name="When I ponder how many there are" time="0"/>
  <testcase classname="Scenario: Doing stuff that fails" name="Then I find there are 7" time="0"/>
  <testcase classname="Scenario: Doing stuff that fails" name="Scenario: Doing stuff that fails" time="0.001"/>
  <testcase classname="Scenario: Building Objects" name="Given I have these soldiers" time="0"/>
  <testcase classname="Scenario: Building Objects" name="Scenario: Building Objects" time="0"/>
</testsuite>